2024-03-22 16:39:26.929 [info] Added views:workbench.panel.markers.view in workbench.panel.markers
2024-03-22 16:39:26.935 [info] Added views:workbench.panel.output in workbench.panel.output
2024-03-22 16:39:26.935 [info] Added views:terminal in terminal
2024-03-22 16:39:26.935 [info] Added views:outline in workbench.view.explorer
2024-03-22 16:39:26.935 [info] Added views:workbench.scm in workbench.view.scm
2024-03-22 16:39:26.935 [info] Added views:workbench.view.search in workbench.view.search
2024-03-22 16:39:26.935 [info] Added views:timeline in workbench.view.explorer
2024-03-22 16:39:26.935 [info] Added views:workbench.explorer.emptyView in workbench.view.explorer
2024-03-22 16:39:29.239 [info] Added views:workbench.debug.variablesView,workbench.debug.watchExpressionsView,workbench.debug.callStackView,workbench.debug.breakPointsView in workbench.view.debug
2024-03-22 16:39:29.889 [info] Added views:~remote.forwardedPorts in ~remote.forwardedPortsContainer
2024-03-22 16:39:30.403 [info] Added views:workbench.panel.repl.view in workbench.panel.repl
2024-03-22 16:39:30.406 [info] Removed views:workbench.debug.breakPointsView,workbench.debug.callStackView,workbench.debug.watchExpressionsView,workbench.debug.variablesView from workbench.view.debug
2024-03-22 16:39:30.413 [info] Added views:workbench.debug.welcome in workbench.view.debug
2024-03-22 16:39:38.684 [info] Added views:workbench.panel.markers.view in workbench.panel.markers
2024-03-22 16:39:38.684 [info] Added views:workbench.panel.output in workbench.panel.output
2024-03-22 16:39:38.684 [info] Added views:terminal in terminal
2024-03-22 16:39:38.684 [info] Added views:outline in workbench.view.explorer
2024-03-22 16:39:38.684 [info] Added views:workbench.scm in workbench.view.scm
2024-03-22 16:39:38.684 [info] Added views:workbench.view.search in workbench.view.search
2024-03-22 16:39:38.684 [info] Added views:timeline in workbench.view.explorer
2024-03-22 16:39:38.684 [info] Added views:workbench.explorer.fileView in workbench.view.explorer
2024-03-22 16:39:40.187 [info] Added views:workbench.debug.variablesView,workbench.debug.watchExpressionsView,workbench.debug.callStackView,workbench.debug.breakPointsView in workbench.view.debug
2024-03-22 16:39:40.574 [info] Added views:workbench.panel.repl.view in workbench.panel.repl
2024-03-22 16:39:40.589 [info] Removed views:workbench.debug.breakPointsView,workbench.debug.callStackView,workbench.debug.watchExpressionsView,workbench.debug.variablesView from workbench.view.debug
2024-03-22 16:39:40.593 [info] Added views:workbench.debug.welcome in workbench.view.debug
2024-03-22 16:39:40.624 [info] Added views:~remote.forwardedPorts in ~remote.forwardedPortsContainer
2024-03-22 16:40:53.564 [info] Added views:workbench.views.extensions.installed,workbench.views.extensions.popular,extensions.recommendedList in workbench.view.extensions
2024-03-22 16:40:53.577 [info] Removed views:workbench.views.extensions.popular from workbench.view.extensions
2024-03-22 16:41:07.234 [info] Removed views:extensions.recommendedList,workbench.views.extensions.installed from workbench.view.extensions
2024-03-22 16:41:07.249 [info] Added views:workbench.views.extensions.marketplace in workbench.view.extensions
2024-03-22 16:42:54.146 [info] Added views:workbench.debug.breakPointsView in workbench.view.debug
